V |                      | HandleShellCompletion.OnBuildCreated (200)
V |                      | ArgumentsFromParametersFile.OnBuildCreated (150)
V |                      | Passing value for RevitBuild.Solution (HoleElevation.sln)
V |                      | InjectParameterValues.OnBuildCreated (100)
V |                      | GenerateBuildServerConfigurations.OnBuildCreated (50)
V |                      | InvokeBuildServerConfigurationGeneration.OnBuildCreated (45)
V |                      | UpdateNotification.OnBuildCreated (10)
V |                      | UnsetVisualStudioEnvironmentVariables.OnBuildCreated (0)
V |                      | HandleVisualStudioDebugging.OnBuildCreated (0)
V |                      | EventInvoker.OnBuildCreated (-3.4028235E+38)
V |                      | HandleHelpRequests.OnBuildInitialized (5)
V |                      | CheckBuildProjectConfigurations.OnBuildInitialized (0)
V |                      | Telemetry.OnBuildInitialized (0)
V |                      | Sending BuildStarted telemetry event ...
V |                      |   build_components         = 
V |                      |   build_type               = Project
V |                      |   compile_time             = 3
V |                      |   config_generators        = 
V |                      |   host                     = Rider
V |                      |   num_custom_components    = 0
V |                      |   num_custom_extensions    = 0
V |                      |   num_partitioned_targets  = 0
V |                      |   num_secrets              = 0
V |                      |   num_targets              = 10
V |                      |   os_architecture          = X64
V |                      |   os_platform              = Windows
V |                      |   repo_branch              = main
V |                      |   repo_commit              = ae3d35
V |                      |   repo_provider            = GitHub
V |                      |   repo_url                 = de4b22
V |                      |   target_framework         = .NETCoreApp,Version=v6.0
V |                      |   version_dotnet_sdk       = 6.0.101
V |                      |   version_nuke_common      = 6.0.2
V |                      |   version_nuke_global_tool = 5.3.0
V |                      | InjectNonParameterValues.OnBuildInitialized (-100)
V |                      | EventInvoker.OnBuildInitialized (-3.4028235E+38)
V | Clean                | EventInvoker.OnTargetRunning (-3.4028235E+38)
V | Clean                | Telemetry.OnTargetSucceeded (0)
V | Clean                | EventInvoker.OnTargetSucceeded (-3.4028235E+38)
V | Restore              | EventInvoker.OnTargetRunning (-3.4028235E+38)
I | Restore              | > "C:\Program Files\dotnet\dotnet.exe" restore "C:\Users\nikitenkoaa\Desktop\Тестовые проекты\HoleElevation\HoleElevation\HoleElevation.sln"
D | Restore              |   Определение проектов для восстановления...
D | Restore              |   Все проекты обновлены для восстановления.
V | Restore              | Telemetry.OnTargetSucceeded (0)
V | Restore              | Sending TargetSucceeded telemetry event ...
V | Restore              |   build_components         = 
V | Restore              |   build_type               = Project
V | Restore              |   compile_time             = 9
V | Restore              |   config_generators        = 
V | Restore              |   host                     = Rider
V | Restore              |   num_custom_components    = 0
V | Restore              |   num_custom_extensions    = 0
V | Restore              |   num_partitioned_targets  = 0
V | Restore              |   num_secrets              = 0
V | Restore              |   num_targets              = 10
V | Restore              |   os_architecture          = X64
V | Restore              |   os_platform              = Windows
V | Restore              |   repo_branch              = main
V | Restore              |   repo_commit              = ae3d35
V | Restore              |   repo_provider            = GitHub
V | Restore              |   repo_url                 = de4b22
V | Restore              |   target_current_partition = 1
V | Restore              |   target_duration          = 1
V | Restore              |   target_framework         = .NETCoreApp,Version=v6.0
V | Restore              |   target_name              = Restore
V | Restore              |   target_total_partitions  = 1
V | Restore              |   version_dotnet_sdk       = 6.0.101
V | Restore              |   version_nuke_common      = 6.0.2
V | Restore              |   version_nuke_global_tool = 5.3.0
V | Restore              | EventInvoker.OnTargetSucceeded (-3.4028235E+38)
V | CompileToTemp        | EventInvoker.OnTargetRunning (-3.4028235E+38)
I | CompileToTemp        | > "C:\Program Files\Microsoft Visual Studio\2022\Community\MSBuild\Current\Bin\MSBuild.exe" "C:\Users\nikitenkoaa\Desktop\Тестовые проекты\HoleElevation\HoleElevation\HoleElevation\HoleElevation.csproj" /p:Platform=x64 /p:OutDir=C:\Users\nikitenkoaa\AppData\Local\Temp\RxBim_build_ac311122-c73f-4506-98f4-543af2a271d2\bin /p:Configuration=Debug
D | CompileToTemp        | Microsoft (R) Build Engine версии 17.0.0+c9eb9dd64 для .NET Framework
D | CompileToTemp        | (C) Корпорация Майкрософт (Microsoft Corporation). Все права защищены.
D | CompileToTemp        | 
D | CompileToTemp        | Сборка начата 05.05.2022 20:16:45.
D | CompileToTemp        | Проект "C:\Users\nikitenkoaa\Desktop\Тестовые проекты\HoleElevation\HoleElevation\HoleElevation\HoleElevation.csproj" в узле 1 (целевые объекты по умолчанию).
D | CompileToTemp        | PrepareForBuild:
D | CompileToTemp        |   Создание каталога "C:\Users\nikitenkoaa\AppData\Local\Temp\RxBim_build_ac311122-c73f-4506-98f4-543af2a271d2\bin\".
D | CompileToTemp        | Проект "C:\Users\nikitenkoaa\Desktop\Тестовые проекты\HoleElevation\HoleElevation\HoleElevation\HoleElevation.csproj" (1) выполняет сборку "C:\Users\nikitenkoaa\Desktop\Тестовые проекты\HoleElevation\HoleElevation\GENPRO_Design\GENPRO_Design.csproj" (2:2) в узле 1 (целевые объекты по умолчанию).
D | CompileToTemp        | MainResourcesGeneration:
D | CompileToTemp        | Целевой объект "MainResourcesGeneration" пропускается, так как все выходные файлы актуальны по отношению к входным.
D | CompileToTemp        | CoreResGen:
D | CompileToTemp        |   Отсутствуют ресурсы, устаревшие по отношению к своим исходным файлам. Пропуск формирования ресурсов.
D | CompileToTemp        | GenerateTargetFrameworkMonikerAttribute:
D | CompileToTemp        | Целевой объект "GenerateTargetFrameworkMonikerAttribute" пропускается, так как все выходные файлы актуальны по отношению к входным.
D | CompileToTemp        | CoreCompile:
D | CompileToTemp        | Целевой объект "CoreCompile" пропускается, так как все выходные файлы актуальны по отношению к входным.
D | CompileToTemp        | _CopyFilesMarkedCopyLocal:
D | CompileToTemp        |   Копирование файла из "C:\Users\nikitenkoaa\.nuget\packages\materialdesigncolors\2.0.3\lib\net452\MaterialDesignColors.dll" в "C:\Users\nikitenkoaa\AppData\Local\Temp\RxBim_build_ac311122-c73f-4506-98f4-543af2a271d2\bin\MaterialDesignColors.dll".
D | CompileToTemp        |   Копирование файла из "C:\Users\nikitenkoaa\.nuget\packages\materialdesignthemes\4.2.1\lib\net452\MaterialDesignThemes.Wpf.pdb" в "C:\Users\nikitenkoaa\AppData\Local\Temp\RxBim_build_ac311122-c73f-4506-98f4-543af2a271d2\bin\MaterialDesignThemes.Wpf.pdb".
D | CompileToTemp        |   Копирование файла из "C:\Users\nikitenkoaa\.nuget\packages\materialdesignthemes\4.2.1\lib\net452\MaterialDesignThemes.Wpf.dll" в "C:\Users\nikitenkoaa\AppData\Local\Temp\RxBim_build_ac311122-c73f-4506-98f4-543af2a271d2\bin\MaterialDesignThemes.Wpf.dll".
D | CompileToTemp        |   Копирование файла из "C:\Users\nikitenkoaa\.nuget\packages\materialdesigncolors\2.0.3\lib\net452\MaterialDesignColors.pdb" в "C:\Users\nikitenkoaa\AppData\Local\Temp\RxBim_build_ac311122-c73f-4506-98f4-543af2a271d2\bin\MaterialDesignColors.pdb".
D | CompileToTemp        |   Обращение к "C:\Users\nikitenkoaa\Desktop\Тестовые проекты\HoleElevation\HoleElevation\GENPRO_Design\obj\x64\Debug\GENPRO_Design.csproj.CopyComplete".
D | CompileToTemp        | CopyFilesToOutputDirectory:
D | CompileToTemp        |   Копирование файла из "C:\Users\nikitenkoaa\Desktop\Тестовые проекты\HoleElevation\HoleElevation\GENPRO_Design\obj\x64\Debug\GENPRO_Design.dll" в "C:\Users\nikitenkoaa\AppData\Local\Temp\RxBim_build_ac311122-c73f-4506-98f4-543af2a271d2\bin\GENPRO_Design.dll".
D | CompileToTemp        |   GENPRO_Design -> C:\Users\nikitenkoaa\AppData\Local\Temp\RxBim_build_ac311122-c73f-4506-98f4-543af2a271d2\bin\GENPRO_Design.dll
D | CompileToTemp        |   Копирование файла из "C:\Users\nikitenkoaa\Desktop\Тестовые проекты\HoleElevation\HoleElevation\GENPRO_Design\obj\x64\Debug\GENPRO_Design.pdb" в "C:\Users\nikitenkoaa\AppData\Local\Temp\RxBim_build_ac311122-c73f-4506-98f4-543af2a271d2\bin\GENPRO_Design.pdb".
D | CompileToTemp        | Сборка проекта "C:\Users\nikitenkoaa\Desktop\Тестовые проекты\HoleElevation\HoleElevation\GENPRO_Design\GENPRO_Design.csproj" завершена (целевые объекты по умолчанию).
D | CompileToTemp        | ResolveAssemblyReferences:
D | CompileToTemp        |   Первичная ссылка "RevitAPILink".
D | CompileToTemp        | C:\Program Files\Microsoft Visual Studio\2022\Community\MSBuild\Current\Bin\Microsoft.Common.CurrentVersion.targets(2304,5): warning MSB3246: найденный файл имеет неправильный образ, не имеет метаданных или недоступен по другим причинам. System.BadImageFormatException: Не удалось загрузить файл или сборку "RevitAPILink.dll" либо одну из их зависимостей. Ожидалось, что модуль содержит манифест сборки. [C:\Users\nikitenkoaa\Desktop\Тестовые проекты\HoleElevation\HoleElevation\HoleElevation\HoleElevation.csproj]
D | CompileToTemp        | C:\Program Files\Microsoft Visual Studio\2022\Community\MSBuild\Current\Bin\Microsoft.Common.CurrentVersion.targets(2304,5): warning MSB3246: Имя файла: 'RevitAPILink.dll' ---> System.BadImageFormatException: Не удалось загрузить файл или сборку "RevitAPILink.dll" либо одну из их зависимостей. Ожидалось, что модуль содержит манифест сборки. [C:\Users\nikitenkoaa\Desktop\Тестовые проекты\HoleElevation\HoleElevation\HoleElevation\HoleElevation.csproj]
D | CompileToTemp        | C:\Program Files\Microsoft Visual Studio\2022\Community\MSBuild\Current\Bin\Microsoft.Common.CurrentVersion.targets(2304,5): warning MSB3246: Имя файла: 'RevitAPILink.dll' [C:\Users\nikitenkoaa\Desktop\Тестовые проекты\HoleElevation\HoleElevation\HoleElevation\HoleElevation.csproj]
D | CompileToTemp        | C:\Program Files\Microsoft Visual Studio\2022\Community\MSBuild\Current\Bin\Microsoft.Common.CurrentVersion.targets(2304,5): warning MSB3246:  [C:\Users\nikitenkoaa\Desktop\Тестовые проекты\HoleElevation\HoleElevation\HoleElevation\HoleElevation.csproj]
D | CompileToTemp        | C:\Program Files\Microsoft Visual Studio\2022\Community\MSBuild\Current\Bin\Microsoft.Common.CurrentVersion.targets(2304,5): warning MSB3246:  [C:\Users\nikitenkoaa\Desktop\Тестовые проекты\HoleElevation\HoleElevation\HoleElevation\HoleElevation.csproj]
D | CompileToTemp        | C:\Program Files\Microsoft Visual Studio\2022\Community\MSBuild\Current\Bin\Microsoft.Common.CurrentVersion.targets(2304,5): warning MSB3246:    в System.Reflection.AssemblyName.nGetFileInformation(String s) [C:\Users\nikitenkoaa\Desktop\Тестовые проекты\HoleElevation\HoleElevation\HoleElevation\HoleElevation.csproj]
D | CompileToTemp        | C:\Program Files\Microsoft Visual Studio\2022\Community\MSBuild\Current\Bin\Microsoft.Common.CurrentVersion.targets(2304,5): warning MSB3246:    в System.Reflection.AssemblyName.GetAssemblyName(String assemblyFile) [C:\Users\nikitenkoaa\Desktop\Тестовые проекты\HoleElevation\HoleElevation\HoleElevation\HoleElevation.csproj]
D | CompileToTemp        | C:\Program Files\Microsoft Visual Studio\2022\Community\MSBuild\Current\Bin\Microsoft.Common.CurrentVersion.targets(2304,5): warning MSB3246:    в Microsoft.Build.Shared.AssemblyNameExtension.GetAssemblyNameEx(String path) [C:\Users\nikitenkoaa\Desktop\Тестовые проекты\HoleElevation\HoleElevation\HoleElevation\HoleElevation.csproj]
D | CompileToTemp        | C:\Program Files\Microsoft Visual Studio\2022\Community\MSBuild\Current\Bin\Microsoft.Common.CurrentVersion.targets(2304,5): warning MSB3246:    в Microsoft.Build.Tasks.SystemState.GetAssemblyName(String path) [C:\Users\nikitenkoaa\Desktop\Тестовые проекты\HoleElevation\HoleElevation\HoleElevation\HoleElevation.csproj]
D | CompileToTemp        | C:\Program Files\Microsoft Visual Studio\2022\Community\MSBuild\Current\Bin\Microsoft.Common.CurrentVersion.targets(2304,5): warning MSB3246:    в Microsoft.Build.Tasks.ReferenceTable.SetPrimaryAssemblyReferenceItem(ITaskItem referenceAssemblyName) [C:\Users\nikitenkoaa\Desktop\Тестовые проекты\HoleElevation\HoleElevation\HoleElevation\HoleElevation.csproj]
D | CompileToTemp        | C:\Program Files\Microsoft Visual Studio\2022\Community\MSBuild\Current\Bin\Microsoft.Common.CurrentVersion.targets(2304,5): warning MSB3246:  [C:\Users\nikitenkoaa\Desktop\Тестовые проекты\HoleElevation\HoleElevation\HoleElevation\HoleElevation.csproj]
D | CompileToTemp        | C:\Program Files\Microsoft Visual Studio\2022\Community\MSBuild\Current\Bin\Microsoft.Common.CurrentVersion.targets(2304,5): warning MSB3246:  [C:\Users\nikitenkoaa\Desktop\Тестовые проекты\HoleElevation\HoleElevation\HoleElevation\HoleElevation.csproj]
D | CompileToTemp        |       Разрешенный путь к файлу - "C:\Users\nikitenkoaa\.nuget\packages\autodesk.revit.sdk\2020.2.1\lib\net471\RevitAPILink.dll".
D | CompileToTemp        |       Обнаружена ссылка в расположении пути поиска "{HintPathFromItem}".
D | CompileToTemp        |   Первичная ссылка "RevitAPIUILink".
D | CompileToTemp        | C:\Program Files\Microsoft Visual Studio\2022\Community\MSBuild\Current\Bin\Microsoft.Common.CurrentVersion.targets(2304,5): warning MSB3246: найденный файл имеет неправильный образ, не имеет метаданных или недоступен по другим причинам. System.BadImageFormatException: Не удалось загрузить файл или сборку "RevitAPIUILink.dll" либо одну из их зависимостей. Ожидалось, что модуль содержит манифест сборки. [C:\Users\nikitenkoaa\Desktop\Тестовые проекты\HoleElevation\HoleElevation\HoleElevation\HoleElevation.csproj]
D | CompileToTemp        | C:\Program Files\Microsoft Visual Studio\2022\Community\MSBuild\Current\Bin\Microsoft.Common.CurrentVersion.targets(2304,5): warning MSB3246: Имя файла: 'RevitAPIUILink.dll' ---> System.BadImageFormatException: Не удалось загрузить файл или сборку "RevitAPIUILink.dll" либо одну из их зависимостей. Ожидалось, что модуль содержит манифест сборки. [C:\Users\nikitenkoaa\Desktop\Тестовые проекты\HoleElevation\HoleElevation\HoleElevation\HoleElevation.csproj]
D | CompileToTemp        | C:\Program Files\Microsoft Visual Studio\2022\Community\MSBuild\Current\Bin\Microsoft.Common.CurrentVersion.targets(2304,5): warning MSB3246: Имя файла: 'RevitAPIUILink.dll' [C:\Users\nikitenkoaa\Desktop\Тестовые проекты\HoleElevation\HoleElevation\HoleElevation\HoleElevation.csproj]
D | CompileToTemp        | C:\Program Files\Microsoft Visual Studio\2022\Community\MSBuild\Current\Bin\Microsoft.Common.CurrentVersion.targets(2304,5): warning MSB3246:  [C:\Users\nikitenkoaa\Desktop\Тестовые проекты\HoleElevation\HoleElevation\HoleElevation\HoleElevation.csproj]
D | CompileToTemp        | C:\Program Files\Microsoft Visual Studio\2022\Community\MSBuild\Current\Bin\Microsoft.Common.CurrentVersion.targets(2304,5): warning MSB3246:  [C:\Users\nikitenkoaa\Desktop\Тестовые проекты\HoleElevation\HoleElevation\HoleElevation\HoleElevation.csproj]
D | CompileToTemp        | C:\Program Files\Microsoft Visual Studio\2022\Community\MSBuild\Current\Bin\Microsoft.Common.CurrentVersion.targets(2304,5): warning MSB3246:    в System.Reflection.AssemblyName.nGetFileInformation(String s) [C:\Users\nikitenkoaa\Desktop\Тестовые проекты\HoleElevation\HoleElevation\HoleElevation\HoleElevation.csproj]
D | CompileToTemp        | C:\Program Files\Microsoft Visual Studio\2022\Community\MSBuild\Current\Bin\Microsoft.Common.CurrentVersion.targets(2304,5): warning MSB3246:    в System.Reflection.AssemblyName.GetAssemblyName(String assemblyFile) [C:\Users\nikitenkoaa\Desktop\Тестовые проекты\HoleElevation\HoleElevation\HoleElevation\HoleElevation.csproj]
D | CompileToTemp        | C:\Program Files\Microsoft Visual Studio\2022\Community\MSBuild\Current\Bin\Microsoft.Common.CurrentVersion.targets(2304,5): warning MSB3246:    в Microsoft.Build.Shared.AssemblyNameExtension.GetAssemblyNameEx(String path) [C:\Users\nikitenkoaa\Desktop\Тестовые проекты\HoleElevation\HoleElevation\HoleElevation\HoleElevation.csproj]
D | CompileToTemp        | C:\Program Files\Microsoft Visual Studio\2022\Community\MSBuild\Current\Bin\Microsoft.Common.CurrentVersion.targets(2304,5): warning MSB3246:    в Microsoft.Build.Tasks.SystemState.GetAssemblyName(String path) [C:\Users\nikitenkoaa\Desktop\Тестовые проекты\HoleElevation\HoleElevation\HoleElevation\HoleElevation.csproj]
D | CompileToTemp        | C:\Program Files\Microsoft Visual Studio\2022\Community\MSBuild\Current\Bin\Microsoft.Common.CurrentVersion.targets(2304,5): warning MSB3246:    в Microsoft.Build.Tasks.ReferenceTable.SetPrimaryAssemblyReferenceItem(ITaskItem referenceAssemblyName) [C:\Users\nikitenkoaa\Desktop\Тестовые проекты\HoleElevation\HoleElevation\HoleElevation\HoleElevation.csproj]
D | CompileToTemp        | C:\Program Files\Microsoft Visual Studio\2022\Community\MSBuild\Current\Bin\Microsoft.Common.CurrentVersion.targets(2304,5): warning MSB3246:  [C:\Users\nikitenkoaa\Desktop\Тестовые проекты\HoleElevation\HoleElevation\HoleElevation\HoleElevation.csproj]
D | CompileToTemp        | C:\Program Files\Microsoft Visual Studio\2022\Community\MSBuild\Current\Bin\Microsoft.Common.CurrentVersion.targets(2304,5): warning MSB3246:  [C:\Users\nikitenkoaa\Desktop\Тестовые проекты\HoleElevation\HoleElevation\HoleElevation\HoleElevation.csproj]
D | CompileToTemp        |       Разрешенный путь к файлу - "C:\Users\nikitenkoaa\.nuget\packages\autodesk.revit.sdk\2020.2.1\lib\net471\RevitAPIUILink.dll".
D | CompileToTemp        |       Обнаружена ссылка в расположении пути поиска "{HintPathFromItem}".
D | CompileToTemp        |   Первичная ссылка "RevitDB".
D | CompileToTemp        | C:\Program Files\Microsoft Visual Studio\2022\Community\MSBuild\Current\Bin\Microsoft.Common.CurrentVersion.targets(2304,5): warning MSB3246: найденный файл имеет неправильный образ, не имеет метаданных или недоступен по другим причинам. System.BadImageFormatException: Не удалось загрузить файл или сборку "RevitDB.dll" либо одну из их зависимостей. Ожидалось, что модуль содержит манифест сборки. [C:\Users\nikitenkoaa\Desktop\Тестовые проекты\HoleElevation\HoleElevation\HoleElevation\HoleElevation.csproj]
D | CompileToTemp        | C:\Program Files\Microsoft Visual Studio\2022\Community\MSBuild\Current\Bin\Microsoft.Common.CurrentVersion.targets(2304,5): warning MSB3246: Имя файла: 'RevitDB.dll' ---> System.BadImageFormatException: Не удалось загрузить файл или сборку "RevitDB.dll" либо одну из их зависимостей. Ожидалось, что модуль содержит манифест сборки. [C:\Users\nikitenkoaa\Desktop\Тестовые проекты\HoleElevation\HoleElevation\HoleElevation\HoleElevation.csproj]
D | CompileToTemp        | C:\Program Files\Microsoft Visual Studio\2022\Community\MSBuild\Current\Bin\Microsoft.Common.CurrentVersion.targets(2304,5): warning MSB3246: Имя файла: 'RevitDB.dll' [C:\Users\nikitenkoaa\Desktop\Тестовые проекты\HoleElevation\HoleElevation\HoleElevation\HoleElevation.csproj]
D | CompileToTemp        | C:\Program Files\Microsoft Visual Studio\2022\Community\MSBuild\Current\Bin\Microsoft.Common.CurrentVersion.targets(2304,5): warning MSB3246:  [C:\Users\nikitenkoaa\Desktop\Тестовые проекты\HoleElevation\HoleElevation\HoleElevation\HoleElevation.csproj]
D | CompileToTemp        | C:\Program Files\Microsoft Visual Studio\2022\Community\MSBuild\Current\Bin\Microsoft.Common.CurrentVersion.targets(2304,5): warning MSB3246:  [C:\Users\nikitenkoaa\Desktop\Тестовые проекты\HoleElevation\HoleElevation\HoleElevation\HoleElevation.csproj]
D | CompileToTemp        | C:\Program Files\Microsoft Visual Studio\2022\Community\MSBuild\Current\Bin\Microsoft.Common.CurrentVersion.targets(2304,5): warning MSB3246:    в System.Reflection.AssemblyName.nGetFileInformation(String s) [C:\Users\nikitenkoaa\Desktop\Тестовые проекты\HoleElevation\HoleElevation\HoleElevation\HoleElevation.csproj]
D | CompileToTemp        | C:\Program Files\Microsoft Visual Studio\2022\Community\MSBuild\Current\Bin\Microsoft.Common.CurrentVersion.targets(2304,5): warning MSB3246:    в System.Reflection.AssemblyName.GetAssemblyName(String assemblyFile) [C:\Users\nikitenkoaa\Desktop\Тестовые проекты\HoleElevation\HoleElevation\HoleElevation\HoleElevation.csproj]
D | CompileToTemp        | C:\Program Files\Microsoft Visual Studio\2022\Community\MSBuild\Current\Bin\Microsoft.Common.CurrentVersion.targets(2304,5): warning MSB3246:    в Microsoft.Build.Shared.AssemblyNameExtension.GetAssemblyNameEx(String path) [C:\Users\nikitenkoaa\Desktop\Тестовые проекты\HoleElevation\HoleElevation\HoleElevation\HoleElevation.csproj]
D | CompileToTemp        | C:\Program Files\Microsoft Visual Studio\2022\Community\MSBuild\Current\Bin\Microsoft.Common.CurrentVersion.targets(2304,5): warning MSB3246:    в Microsoft.Build.Tasks.SystemState.GetAssemblyName(String path) [C:\Users\nikitenkoaa\Desktop\Тестовые проекты\HoleElevation\HoleElevation\HoleElevation\HoleElevation.csproj]
D | CompileToTemp        | C:\Program Files\Microsoft Visual Studio\2022\Community\MSBuild\Current\Bin\Microsoft.Common.CurrentVersion.targets(2304,5): warning MSB3246:    в Microsoft.Build.Tasks.ReferenceTable.SetPrimaryAssemblyReferenceItem(ITaskItem referenceAssemblyName) [C:\Users\nikitenkoaa\Desktop\Тестовые проекты\HoleElevation\HoleElevation\HoleElevation\HoleElevation.csproj]
D | CompileToTemp        | C:\Program Files\Microsoft Visual Studio\2022\Community\MSBuild\Current\Bin\Microsoft.Common.CurrentVersion.targets(2304,5): warning MSB3246:  [C:\Users\nikitenkoaa\Desktop\Тестовые проекты\HoleElevation\HoleElevation\HoleElevation\HoleElevation.csproj]
D | CompileToTemp        | C:\Program Files\Microsoft Visual Studio\2022\Community\MSBuild\Current\Bin\Microsoft.Common.CurrentVersion.targets(2304,5): warning MSB3246:  [C:\Users\nikitenkoaa\Desktop\Тестовые проекты\HoleElevation\HoleElevation\HoleElevation\HoleElevation.csproj]
D | CompileToTemp        |       Разрешенный путь к файлу - "C:\Users\nikitenkoaa\.nuget\packages\autodesk.revit.sdk\2020.2.1\lib\net471\RevitDB.dll".
D | CompileToTemp        |       Обнаружена ссылка в расположении пути поиска "{HintPathFromItem}".
D | CompileToTemp        |   Первичная ссылка "RevitUI".
D | CompileToTemp        | C:\Program Files\Microsoft Visual Studio\2022\Community\MSBuild\Current\Bin\Microsoft.Common.CurrentVersion.targets(2304,5): warning MSB3246: найденный файл имеет неправильный образ, не имеет метаданных или недоступен по другим причинам. System.BadImageFormatException: Не удалось загрузить файл или сборку "RevitUI.dll" либо одну из их зависимостей. Ожидалось, что модуль содержит манифест сборки. [C:\Users\nikitenkoaa\Desktop\Тестовые проекты\HoleElevation\HoleElevation\HoleElevation\HoleElevation.csproj]
D | CompileToTemp        | C:\Program Files\Microsoft Visual Studio\2022\Community\MSBuild\Current\Bin\Microsoft.Common.CurrentVersion.targets(2304,5): warning MSB3246: Имя файла: 'RevitUI.dll' ---> System.BadImageFormatException: Не удалось загрузить файл или сборку "RevitUI.dll" либо одну из их зависимостей. Ожидалось, что модуль содержит манифест сборки. [C:\Users\nikitenkoaa\Desktop\Тестовые проекты\HoleElevation\HoleElevation\HoleElevation\HoleElevation.csproj]
D | CompileToTemp        | C:\Program Files\Microsoft Visual Studio\2022\Community\MSBuild\Current\Bin\Microsoft.Common.CurrentVersion.targets(2304,5): warning MSB3246: Имя файла: 'RevitUI.dll' [C:\Users\nikitenkoaa\Desktop\Тестовые проекты\HoleElevation\HoleElevation\HoleElevation\HoleElevation.csproj]
D | CompileToTemp        | C:\Program Files\Microsoft Visual Studio\2022\Community\MSBuild\Current\Bin\Microsoft.Common.CurrentVersion.targets(2304,5): warning MSB3246:  [C:\Users\nikitenkoaa\Desktop\Тестовые проекты\HoleElevation\HoleElevation\HoleElevation\HoleElevation.csproj]
D | CompileToTemp        | C:\Program Files\Microsoft Visual Studio\2022\Community\MSBuild\Current\Bin\Microsoft.Common.CurrentVersion.targets(2304,5): warning MSB3246:  [C:\Users\nikitenkoaa\Desktop\Тестовые проекты\HoleElevation\HoleElevation\HoleElevation\HoleElevation.csproj]
D | CompileToTemp        | C:\Program Files\Microsoft Visual Studio\2022\Community\MSBuild\Current\Bin\Microsoft.Common.CurrentVersion.targets(2304,5): warning MSB3246:    в System.Reflection.AssemblyName.nGetFileInformation(String s) [C:\Users\nikitenkoaa\Desktop\Тестовые проекты\HoleElevation\HoleElevation\HoleElevation\HoleElevation.csproj]
D | CompileToTemp        | C:\Program Files\Microsoft Visual Studio\2022\Community\MSBuild\Current\Bin\Microsoft.Common.CurrentVersion.targets(2304,5): warning MSB3246:    в System.Reflection.AssemblyName.GetAssemblyName(String assemblyFile) [C:\Users\nikitenkoaa\Desktop\Тестовые проекты\HoleElevation\HoleElevation\HoleElevation\HoleElevation.csproj]
D | CompileToTemp        | C:\Program Files\Microsoft Visual Studio\2022\Community\MSBuild\Current\Bin\Microsoft.Common.CurrentVersion.targets(2304,5): warning MSB3246:    в Microsoft.Build.Shared.AssemblyNameExtension.GetAssemblyNameEx(String path) [C:\Users\nikitenkoaa\Desktop\Тестовые проекты\HoleElevation\HoleElevation\HoleElevation\HoleElevation.csproj]
D | CompileToTemp        | C:\Program Files\Microsoft Visual Studio\2022\Community\MSBuild\Current\Bin\Microsoft.Common.CurrentVersion.targets(2304,5): warning MSB3246:    в Microsoft.Build.Tasks.SystemState.GetAssemblyName(String path) [C:\Users\nikitenkoaa\Desktop\Тестовые проекты\HoleElevation\HoleElevation\HoleElevation\HoleElevation.csproj]
D | CompileToTemp        | C:\Program Files\Microsoft Visual Studio\2022\Community\MSBuild\Current\Bin\Microsoft.Common.CurrentVersion.targets(2304,5): warning MSB3246:    в Microsoft.Build.Tasks.ReferenceTable.SetPrimaryAssemblyReferenceItem(ITaskItem referenceAssemblyName) [C:\Users\nikitenkoaa\Desktop\Тестовые проекты\HoleElevation\HoleElevation\HoleElevation\HoleElevation.csproj]
D | CompileToTemp        | C:\Program Files\Microsoft Visual Studio\2022\Community\MSBuild\Current\Bin\Microsoft.Common.CurrentVersion.targets(2304,5): warning MSB3246:  [C:\Users\nikitenkoaa\Desktop\Тестовые проекты\HoleElevation\HoleElevation\HoleElevation\HoleElevation.csproj]
D | CompileToTemp        | C:\Program Files\Microsoft Visual Studio\2022\Community\MSBuild\Current\Bin\Microsoft.Common.CurrentVersion.targets(2304,5): warning MSB3246:  [C:\Users\nikitenkoaa\Desktop\Тестовые проекты\HoleElevation\HoleElevation\HoleElevation\HoleElevation.csproj]
D | CompileToTemp        |       Разрешенный путь к файлу - "C:\Users\nikitenkoaa\.nuget\packages\autodesk.revit.sdk\2020.2.1\lib\net471\RevitUI.dll".
D | CompileToTemp        |       Обнаружена ссылка в расположении пути поиска "{HintPathFromItem}".
D | CompileToTemp        | GenerateTargetFrameworkMonikerAttribute:
D | CompileToTemp        | Целевой объект "GenerateTargetFrameworkMonikerAttribute" пропускается, так как все выходные файлы актуальны по отношению к входным.
D | CompileToTemp        | CoreGenerateAssemblyInfo:
D | CompileToTemp        | Целевой объект "CoreGenerateAssemblyInfo" пропускается, так как все выходные файлы актуальны по отношению к входным.
D | CompileToTemp        | CoreCompile:
D | CompileToTemp        |   C:\Program Files\Microsoft Visual Studio\2022\Community\MSBuild\Current\Bin\Roslyn\csc.exe /noconfig /unsafe- /checked- /nowarn:1701,1702,1701,1702 /fullpaths /nostdlib+ /platform:x64 /errorreport:prompt /warn:4 /define:TRACE;DEBUG;NETFRAMEWORK;NET472;NET20_OR_GREATER;NET30_OR_GREATER;NET35_OR_GREATER;NET40_OR_GREATER;NET45_OR_GREATER;NET451_OR_GREATER;NET452_OR_GREATER;NET46_OR_GREATER;NET461_OR_GREATER;NET462_OR_GREATER;NET47_OR_GREATER;NET471_OR_GREATER;NET472_OR_GREATER /highentropyva+ /reference:C:\Users\nikitenkoaa\.nuget\packages\autodesk.revit.sdk\2020.2.1\lib\net471\AdWindows.dll /reference:C:\Users\nikitenkoaa\.nuget\packages\csharpfunctionalextensions\2.29.0\lib\net472\CSharpFunctionalExtensions.dll /reference:C:\Users\nikitenkoaa\AppData\Local\Temp\RxBim_build_ac311122-c73f-4506-98f4-543af2a271d2\bin\GENPRO_Design.dll /reference:C:\Users\nikitenkoaa\.nuget\packages\materialdesigncolors\2.0.3\lib\net452\MaterialDesignColors.dll /reference:C:\Users\nikitenkoaa\.nuget\packages\materialdesignthemes\4.2.1\lib\net452\MaterialDesignThemes.Wpf.dll /reference:"C:\Program Files (x86)\Reference Assemblies\Microsoft\Framework\.NETFramework\v4.7.2\mscorlib.dll" /reference:C:\Users\nikitenkoaa\.nuget\packages\autodesk.revit.sdk\2020.2.1\lib\net471\RevitAddInUtility.dll /reference:C:\Users\nikitenkoaa\.nuget\packages\autodesk.revit.sdk\2020.2.1\lib\net471\RevitAPI.dll /reference:C:\Users\nikitenkoaa\.nuget\packages\autodesk.revit.sdk\2020.2.1\lib\net471\RevitAPIBrowserUtils.dll /reference:C:\Users\nikitenkoaa\.nuget\packages\autodesk.revit.sdk\2020.2.1\lib\net471\RevitAPIFoundation.dll /reference:C:\Users\nikitenkoaa\.nuget\packages\autodesk.revit.sdk\2020.2.1\lib\net471\RevitAPIIFC.dll /reference:C:\Users\nikitenkoaa\.nuget\packages\autodesk.revit.sdk\2020.2.1\lib\net471\RevitAPIMacros.dll /reference:C:\Users\nikitenkoaa\.nuget\packages\autodesk.revit.sdk\2020.2.1\lib\net471\RevitAPIMacrosInterop.dll /reference:C:\Users\nikitenkoaa\.nuget\packages\autodesk.revit.sdk\2020.2.1\lib\net471\RevitAPIMacrosInteropAPI.dll /reference:C:\Users\nikitenkoaa\.nuget\packages\autodesk.revit.sdk\2020.2.1\lib\net471\RevitAPISteel.dll /reference:C:\Users\nikitenkoaa\.nuget\packages\autodesk.revit.sdk\2020.2.1\lib\net471\RevitAPIUI.dll /reference:C:\Users\nikitenkoaa\.nuget\packages\autodesk.revit.sdk\2020.2.1\lib\net471\RevitAPIUIMacros.dll /reference:C:\Users\nikitenkoaa\.nuget\packages\autodesk.revit.sdk\2020.2.1\lib\net471\RevitAPIUIMacrosInterop.dll /reference:C:\Users\nikitenkoaa\.nuget\packages\autodesk.revit.sdk\2020.2.1\lib\net471\RevitAPIUIMacrosInteropAPI.dll /reference:C:\Users\nikitenkoaa\.nuget\packages\autodesk.revit.sdk\2020.2.1\lib\net471\RevitDBAPI.dll /reference:C:\Users\nikitenkoaa\.nuget\packages\autodesk.revit.sdk\2020.2.1\lib\net471\RevitNET.dll /reference:C:\Users\nikitenkoaa\.nuget\packages\autodesk.revit.sdk\2020.2.1\lib\net471\RevitUIAPI.dll /reference:"C:\Program Files (x86)\Reference Assemblies\Microsoft\Framework\.NETFramework\v4.7.2\System.Core.dll" /reference:"C:\Program Files (x86)\Reference Assemblies\Microsoft\Framework\.NETFramework\v4.7.2\System.Data.dll" /reference:"C:\Program Files (x86)\Reference Assemblies\Microsoft\Framework\.NETFramework\v4.7.2\System.dll" /reference:"C:\Program Files (x86)\Reference Assemblies\Microsoft\Framework\.NETFramework\v4.7.2\System.Drawing.dll" /reference:"C:\Program Files (x86)\Reference Assemblies\Microsoft\Framework\.NETFramework\v4.7.2\System.IO.Compression.FileSystem.dll" /reference:"C:\Program Files (x86)\Reference Assemblies\Microsoft\Framework\.NETFramework\v4.7.2\System.Numerics.dll" /reference:"C:\Program Files (x86)\Reference Assemblies\Microsoft\Framework\.NETFramework\v4.7.2\System.Runtime.Serialization.dll" /reference:"C:\Program Files (x86)\Reference Assemblies\Microsoft\Framework\.NETFramework\v4.7.2\System.Xml.dll" /reference:"C:\Program Files (x86)\Reference Assemblies\Microsoft\Framework\.NETFramework\v4.7.2\System.Xml.Linq.dll" /debug+ /debug:portable /filealign:512 /optimize- /out:obj\x64\Debug\net472\HoleElevation.dll /ruleset:..\stylecop.ruleset /subsystemversion:6.00 /target:library /warnaserror- /utf8output /deterministic+ /langversion:latest /analyzerconfig:obj\x64\Debug\net472\HoleElevation.GeneratedMSBuildEditorConfig.editorconfig /analyzer:C:\Users\nikitenkoaa\.nuget\packages\stylecop.analyzers\1.1.118\analyzers\dotnet\cs\StyleCop.Analyzers.CodeFixes.dll /analyzer:C:\Users\nikitenkoaa\.nuget\packages\stylecop.analyzers\1.1.118\analyzers\dotnet\cs\StyleCop.Analyzers.dll Cmd.cs "obj\x64\Debug\net472\.NETFramework,Version=v4.7.2.AssemblyAttributes.cs" obj\x64\Debug\net472\HoleElevation.AssemblyInfo.cs /warnaserror+:NU1605
D | CompileToTemp        | CSC : warning SA0001: XML comment analysis is disabled due to project configuration [C:\Users\nikitenkoaa\Desktop\Тестовые проекты\HoleElevation\HoleElevation\HoleElevation\HoleElevation.csproj]
D | CompileToTemp        |   CompilerServer: server - server processed compilation - 71882f09-7eba-4e5d-9e2a-90b2de9cf5d1
D | CompileToTemp        | _CopyFilesMarkedCopyLocal:
D | CompileToTemp        |   Копирование файла из "C:\Users\nikitenkoaa\.nuget\packages\csharpfunctionalextensions\2.29.0\lib\net472\CSharpFunctionalExtensions.dll" в "C:\Users\nikitenkoaa\AppData\Local\Temp\RxBim_build_ac311122-c73f-4506-98f4-543af2a271d2\bin\CSharpFunctionalExtensions.dll".
D | CompileToTemp        |   Обращение к "C:\Users\nikitenkoaa\Desktop\Тестовые проекты\HoleElevation\HoleElevation\HoleElevation\obj\x64\Debug\net472\HoleElevation.csproj.CopyComplete".
D | CompileToTemp        | CopyFilesToOutputDirectory:
D | CompileToTemp        |   Копирование файла из "C:\Users\nikitenkoaa\Desktop\Тестовые проекты\HoleElevation\HoleElevation\HoleElevation\obj\x64\Debug\net472\HoleElevation.dll" в "C:\Users\nikitenkoaa\AppData\Local\Temp\RxBim_build_ac311122-c73f-4506-98f4-543af2a271d2\bin\HoleElevation.dll".
D | CompileToTemp        |   HoleElevation -> C:\Users\nikitenkoaa\AppData\Local\Temp\RxBim_build_ac311122-c73f-4506-98f4-543af2a271d2\bin\HoleElevation.dll
D | CompileToTemp        |   Копирование файла из "C:\Users\nikitenkoaa\Desktop\Тестовые проекты\HoleElevation\HoleElevation\HoleElevation\obj\x64\Debug\net472\HoleElevation.pdb" в "C:\Users\nikitenkoaa\AppData\Local\Temp\RxBim_build_ac311122-c73f-4506-98f4-543af2a271d2\bin\HoleElevation.pdb".
D | CompileToTemp        | Сборка проекта "C:\Users\nikitenkoaa\Desktop\Тестовые проекты\HoleElevation\HoleElevation\HoleElevation\HoleElevation.csproj" завершена (целевые объекты по умолчанию).
D | CompileToTemp        | 
D | CompileToTemp        | Сборка успешно завершена.
D | CompileToTemp        | 
D | CompileToTemp        | "C:\Users\nikitenkoaa\Desktop\Тестовые проекты\HoleElevation\HoleElevation\HoleElevation\HoleElevation.csproj" (целевой объект по умолчанию) (1) ->
D | CompileToTemp        | (Целевой объект ResolveAssemblyReferences) -> 
D | CompileToTemp        |   C:\Program Files\Microsoft Visual Studio\2022\Community\MSBuild\Current\Bin\Microsoft.Common.CurrentVersion.targets(2304,5): warning MSB3246: найденный файл имеет неправильный образ, не имеет метаданных или недоступен по другим причинам. System.BadImageFormatException: Не удалось загрузить файл или сборку "RevitAPILink.dll" либо одну из их зависимостей. Ожидалось, что модуль содержит манифест сборки. [C:\Users\nikitenkoaa\Desktop\Тестовые проекты\HoleElevation\HoleElevation\HoleElevation\HoleElevation.csproj]
D | CompileToTemp        | C:\Program Files\Microsoft Visual Studio\2022\Community\MSBuild\Current\Bin\Microsoft.Common.CurrentVersion.targets(2304,5): warning MSB3246: Имя файла: 'RevitAPILink.dll' ---> System.BadImageFormatException: Не удалось загрузить файл или сборку "RevitAPILink.dll" либо одну из их зависимостей. Ожидалось, что модуль содержит манифест сборки. [C:\Users\nikitenkoaa\Desktop\Тестовые проекты\HoleElevation\HoleElevation\HoleElevation\HoleElevation.csproj]
D | CompileToTemp        | C:\Program Files\Microsoft Visual Studio\2022\Community\MSBuild\Current\Bin\Microsoft.Common.CurrentVersion.targets(2304,5): warning MSB3246: Имя файла: 'RevitAPILink.dll' [C:\Users\nikitenkoaa\Desktop\Тестовые проекты\HoleElevation\HoleElevation\HoleElevation\HoleElevation.csproj]
D | CompileToTemp        | C:\Program Files\Microsoft Visual Studio\2022\Community\MSBuild\Current\Bin\Microsoft.Common.CurrentVersion.targets(2304,5): warning MSB3246:  [C:\Users\nikitenkoaa\Desktop\Тестовые проекты\HoleElevation\HoleElevation\HoleElevation\HoleElevation.csproj]
D | CompileToTemp        | C:\Program Files\Microsoft Visual Studio\2022\Community\MSBuild\Current\Bin\Microsoft.Common.CurrentVersion.targets(2304,5): warning MSB3246:  [C:\Users\nikitenkoaa\Desktop\Тестовые проекты\HoleElevation\HoleElevation\HoleElevation\HoleElevation.csproj]
D | CompileToTemp        | C:\Program Files\Microsoft Visual Studio\2022\Community\MSBuild\Current\Bin\Microsoft.Common.CurrentVersion.targets(2304,5): warning MSB3246:    в System.Reflection.AssemblyName.nGetFileInformation(String s) [C:\Users\nikitenkoaa\Desktop\Тестовые проекты\HoleElevation\HoleElevation\HoleElevation\HoleElevation.csproj]
D | CompileToTemp        | C:\Program Files\Microsoft Visual Studio\2022\Community\MSBuild\Current\Bin\Microsoft.Common.CurrentVersion.targets(2304,5): warning MSB3246:    в System.Reflection.AssemblyName.GetAssemblyName(String assemblyFile) [C:\Users\nikitenkoaa\Desktop\Тестовые проекты\HoleElevation\HoleElevation\HoleElevation\HoleElevation.csproj]
D | CompileToTemp        | C:\Program Files\Microsoft Visual Studio\2022\Community\MSBuild\Current\Bin\Microsoft.Common.CurrentVersion.targets(2304,5): warning MSB3246:    в Microsoft.Build.Shared.AssemblyNameExtension.GetAssemblyNameEx(String path) [C:\Users\nikitenkoaa\Desktop\Тестовые проекты\HoleElevation\HoleElevation\HoleElevation\HoleElevation.csproj]
D | CompileToTemp        | C:\Program Files\Microsoft Visual Studio\2022\Community\MSBuild\Current\Bin\Microsoft.Common.CurrentVersion.targets(2304,5): warning MSB3246:    в Microsoft.Build.Tasks.SystemState.GetAssemblyName(String path) [C:\Users\nikitenkoaa\Desktop\Тестовые проекты\HoleElevation\HoleElevation\HoleElevation\HoleElevation.csproj]
D | CompileToTemp        | C:\Program Files\Microsoft Visual Studio\2022\Community\MSBuild\Current\Bin\Microsoft.Common.CurrentVersion.targets(2304,5): warning MSB3246:    в Microsoft.Build.Tasks.ReferenceTable.SetPrimaryAssemblyReferenceItem(ITaskItem referenceAssemblyName) [C:\Users\nikitenkoaa\Desktop\Тестовые проекты\HoleElevation\HoleElevation\HoleElevation\HoleElevation.csproj]
D | CompileToTemp        | C:\Program Files\Microsoft Visual Studio\2022\Community\MSBuild\Current\Bin\Microsoft.Common.CurrentVersion.targets(2304,5): warning MSB3246:  [C:\Users\nikitenkoaa\Desktop\Тестовые проекты\HoleElevation\HoleElevation\HoleElevation\HoleElevation.csproj]
D | CompileToTemp        | C:\Program Files\Microsoft Visual Studio\2022\Community\MSBuild\Current\Bin\Microsoft.Common.CurrentVersion.targets(2304,5): warning MSB3246:  [C:\Users\nikitenkoaa\Desktop\Тестовые проекты\HoleElevation\HoleElevation\HoleElevation\HoleElevation.csproj]
D | CompileToTemp        |   C:\Program Files\Microsoft Visual Studio\2022\Community\MSBuild\Current\Bin\Microsoft.Common.CurrentVersion.targets(2304,5): warning MSB3246: найденный файл имеет неправильный образ, не имеет метаданных или недоступен по другим причинам. System.BadImageFormatException: Не удалось загрузить файл или сборку "RevitAPIUILink.dll" либо одну из их зависимостей. Ожидалось, что модуль содержит манифест сборки. [C:\Users\nikitenkoaa\Desktop\Тестовые проекты\HoleElevation\HoleElevation\HoleElevation\HoleElevation.csproj]
D | CompileToTemp        | C:\Program Files\Microsoft Visual Studio\2022\Community\MSBuild\Current\Bin\Microsoft.Common.CurrentVersion.targets(2304,5): warning MSB3246: Имя файла: 'RevitAPIUILink.dll' ---> System.BadImageFormatException: Не удалось загрузить файл или сборку "RevitAPIUILink.dll" либо одну из их зависимостей. Ожидалось, что модуль содержит манифест сборки. [C:\Users\nikitenkoaa\Desktop\Тестовые проекты\HoleElevation\HoleElevation\HoleElevation\HoleElevation.csproj]
D | CompileToTemp        | C:\Program Files\Microsoft Visual Studio\2022\Community\MSBuild\Current\Bin\Microsoft.Common.CurrentVersion.targets(2304,5): warning MSB3246: Имя файла: 'RevitAPIUILink.dll' [C:\Users\nikitenkoaa\Desktop\Тестовые проекты\HoleElevation\HoleElevation\HoleElevation\HoleElevation.csproj]
D | CompileToTemp        | C:\Program Files\Microsoft Visual Studio\2022\Community\MSBuild\Current\Bin\Microsoft.Common.CurrentVersion.targets(2304,5): warning MSB3246:  [C:\Users\nikitenkoaa\Desktop\Тестовые проекты\HoleElevation\HoleElevation\HoleElevation\HoleElevation.csproj]
D | CompileToTemp        | C:\Program Files\Microsoft Visual Studio\2022\Community\MSBuild\Current\Bin\Microsoft.Common.CurrentVersion.targets(2304,5): warning MSB3246:  [C:\Users\nikitenkoaa\Desktop\Тестовые проекты\HoleElevation\HoleElevation\HoleElevation\HoleElevation.csproj]
D | CompileToTemp        | C:\Program Files\Microsoft Visual Studio\2022\Community\MSBuild\Current\Bin\Microsoft.Common.CurrentVersion.targets(2304,5): warning MSB3246:    в System.Reflection.AssemblyName.nGetFileInformation(String s) [C:\Users\nikitenkoaa\Desktop\Тестовые проекты\HoleElevation\HoleElevation\HoleElevation\HoleElevation.csproj]
D | CompileToTemp        | C:\Program Files\Microsoft Visual Studio\2022\Community\MSBuild\Current\Bin\Microsoft.Common.CurrentVersion.targets(2304,5): warning MSB3246:    в System.Reflection.AssemblyName.GetAssemblyName(String assemblyFile) [C:\Users\nikitenkoaa\Desktop\Тестовые проекты\HoleElevation\HoleElevation\HoleElevation\HoleElevation.csproj]
D | CompileToTemp        | C:\Program Files\Microsoft Visual Studio\2022\Community\MSBuild\Current\Bin\Microsoft.Common.CurrentVersion.targets(2304,5): warning MSB3246:    в Microsoft.Build.Shared.AssemblyNameExtension.GetAssemblyNameEx(String path) [C:\Users\nikitenkoaa\Desktop\Тестовые проекты\HoleElevation\HoleElevation\HoleElevation\HoleElevation.csproj]
D | CompileToTemp        | C:\Program Files\Microsoft Visual Studio\2022\Community\MSBuild\Current\Bin\Microsoft.Common.CurrentVersion.targets(2304,5): warning MSB3246:    в Microsoft.Build.Tasks.SystemState.GetAssemblyName(String path) [C:\Users\nikitenkoaa\Desktop\Тестовые проекты\HoleElevation\HoleElevation\HoleElevation\HoleElevation.csproj]
D | CompileToTemp        | C:\Program Files\Microsoft Visual Studio\2022\Community\MSBuild\Current\Bin\Microsoft.Common.CurrentVersion.targets(2304,5): warning MSB3246:    в Microsoft.Build.Tasks.ReferenceTable.SetPrimaryAssemblyReferenceItem(ITaskItem referenceAssemblyName) [C:\Users\nikitenkoaa\Desktop\Тестовые проекты\HoleElevation\HoleElevation\HoleElevation\HoleElevation.csproj]
D | CompileToTemp        | C:\Program Files\Microsoft Visual Studio\2022\Community\MSBuild\Current\Bin\Microsoft.Common.CurrentVersion.targets(2304,5): warning MSB3246:  [C:\Users\nikitenkoaa\Desktop\Тестовые проекты\HoleElevation\HoleElevation\HoleElevation\HoleElevation.csproj]
D | CompileToTemp        | C:\Program Files\Microsoft Visual Studio\2022\Community\MSBuild\Current\Bin\Microsoft.Common.CurrentVersion.targets(2304,5): warning MSB3246:  [C:\Users\nikitenkoaa\Desktop\Тестовые проекты\HoleElevation\HoleElevation\HoleElevation\HoleElevation.csproj]
D | CompileToTemp        |   C:\Program Files\Microsoft Visual Studio\2022\Community\MSBuild\Current\Bin\Microsoft.Common.CurrentVersion.targets(2304,5): warning MSB3246: найденный файл имеет неправильный образ, не имеет метаданных или недоступен по другим причинам. System.BadImageFormatException: Не удалось загрузить файл или сборку "RevitDB.dll" либо одну из их зависимостей. Ожидалось, что модуль содержит манифест сборки. [C:\Users\nikitenkoaa\Desktop\Тестовые проекты\HoleElevation\HoleElevation\HoleElevation\HoleElevation.csproj]
D | CompileToTemp        | C:\Program Files\Microsoft Visual Studio\2022\Community\MSBuild\Current\Bin\Microsoft.Common.CurrentVersion.targets(2304,5): warning MSB3246: Имя файла: 'RevitDB.dll' ---> System.BadImageFormatException: Не удалось загрузить файл или сборку "RevitDB.dll" либо одну из их зависимостей. Ожидалось, что модуль содержит манифест сборки. [C:\Users\nikitenkoaa\Desktop\Тестовые проекты\HoleElevation\HoleElevation\HoleElevation\HoleElevation.csproj]
D | CompileToTemp        | C:\Program Files\Microsoft Visual Studio\2022\Community\MSBuild\Current\Bin\Microsoft.Common.CurrentVersion.targets(2304,5): warning MSB3246: Имя файла: 'RevitDB.dll' [C:\Users\nikitenkoaa\Desktop\Тестовые проекты\HoleElevation\HoleElevation\HoleElevation\HoleElevation.csproj]
D | CompileToTemp        | C:\Program Files\Microsoft Visual Studio\2022\Community\MSBuild\Current\Bin\Microsoft.Common.CurrentVersion.targets(2304,5): warning MSB3246:  [C:\Users\nikitenkoaa\Desktop\Тестовые проекты\HoleElevation\HoleElevation\HoleElevation\HoleElevation.csproj]
D | CompileToTemp        | C:\Program Files\Microsoft Visual Studio\2022\Community\MSBuild\Current\Bin\Microsoft.Common.CurrentVersion.targets(2304,5): warning MSB3246:  [C:\Users\nikitenkoaa\Desktop\Тестовые проекты\HoleElevation\HoleElevation\HoleElevation\HoleElevation.csproj]
D | CompileToTemp        | C:\Program Files\Microsoft Visual Studio\2022\Community\MSBuild\Current\Bin\Microsoft.Common.CurrentVersion.targets(2304,5): warning MSB3246:    в System.Reflection.AssemblyName.nGetFileInformation(String s) [C:\Users\nikitenkoaa\Desktop\Тестовые проекты\HoleElevation\HoleElevation\HoleElevation\HoleElevation.csproj]
D | CompileToTemp        | C:\Program Files\Microsoft Visual Studio\2022\Community\MSBuild\Current\Bin\Microsoft.Common.CurrentVersion.targets(2304,5): warning MSB3246:    в System.Reflection.AssemblyName.GetAssemblyName(String assemblyFile) [C:\Users\nikitenkoaa\Desktop\Тестовые проекты\HoleElevation\HoleElevation\HoleElevation\HoleElevation.csproj]
D | CompileToTemp        | C:\Program Files\Microsoft Visual Studio\2022\Community\MSBuild\Current\Bin\Microsoft.Common.CurrentVersion.targets(2304,5): warning MSB3246:    в Microsoft.Build.Shared.AssemblyNameExtension.GetAssemblyNameEx(String path) [C:\Users\nikitenkoaa\Desktop\Тестовые проекты\HoleElevation\HoleElevation\HoleElevation\HoleElevation.csproj]
D | CompileToTemp        | C:\Program Files\Microsoft Visual Studio\2022\Community\MSBuild\Current\Bin\Microsoft.Common.CurrentVersion.targets(2304,5): warning MSB3246:    в Microsoft.Build.Tasks.SystemState.GetAssemblyName(String path) [C:\Users\nikitenkoaa\Desktop\Тестовые проекты\HoleElevation\HoleElevation\HoleElevation\HoleElevation.csproj]
D | CompileToTemp        | C:\Program Files\Microsoft Visual Studio\2022\Community\MSBuild\Current\Bin\Microsoft.Common.CurrentVersion.targets(2304,5): warning MSB3246:    в Microsoft.Build.Tasks.ReferenceTable.SetPrimaryAssemblyReferenceItem(ITaskItem referenceAssemblyName) [C:\Users\nikitenkoaa\Desktop\Тестовые проекты\HoleElevation\HoleElevation\HoleElevation\HoleElevation.csproj]
D | CompileToTemp        | C:\Program Files\Microsoft Visual Studio\2022\Community\MSBuild\Current\Bin\Microsoft.Common.CurrentVersion.targets(2304,5): warning MSB3246:  [C:\Users\nikitenkoaa\Desktop\Тестовые проекты\HoleElevation\HoleElevation\HoleElevation\HoleElevation.csproj]
D | CompileToTemp        | C:\Program Files\Microsoft Visual Studio\2022\Community\MSBuild\Current\Bin\Microsoft.Common.CurrentVersion.targets(2304,5): warning MSB3246:  [C:\Users\nikitenkoaa\Desktop\Тестовые проекты\HoleElevation\HoleElevation\HoleElevation\HoleElevation.csproj]
D | CompileToTemp        |   C:\Program Files\Microsoft Visual Studio\2022\Community\MSBuild\Current\Bin\Microsoft.Common.CurrentVersion.targets(2304,5): warning MSB3246: найденный файл имеет неправильный образ, не имеет метаданных или недоступен по другим причинам. System.BadImageFormatException: Не удалось загрузить файл или сборку "RevitUI.dll" либо одну из их зависимостей. Ожидалось, что модуль содержит манифест сборки. [C:\Users\nikitenkoaa\Desktop\Тестовые проекты\HoleElevation\HoleElevation\HoleElevation\HoleElevation.csproj]
D | CompileToTemp        | C:\Program Files\Microsoft Visual Studio\2022\Community\MSBuild\Current\Bin\Microsoft.Common.CurrentVersion.targets(2304,5): warning MSB3246: Имя файла: 'RevitUI.dll' ---> System.BadImageFormatException: Не удалось загрузить файл или сборку "RevitUI.dll" либо одну из их зависимостей. Ожидалось, что модуль содержит манифест сборки. [C:\Users\nikitenkoaa\Desktop\Тестовые проекты\HoleElevation\HoleElevation\HoleElevation\HoleElevation.csproj]
D | CompileToTemp        | C:\Program Files\Microsoft Visual Studio\2022\Community\MSBuild\Current\Bin\Microsoft.Common.CurrentVersion.targets(2304,5): warning MSB3246: Имя файла: 'RevitUI.dll' [C:\Users\nikitenkoaa\Desktop\Тестовые проекты\HoleElevation\HoleElevation\HoleElevation\HoleElevation.csproj]
D | CompileToTemp        | C:\Program Files\Microsoft Visual Studio\2022\Community\MSBuild\Current\Bin\Microsoft.Common.CurrentVersion.targets(2304,5): warning MSB3246:  [C:\Users\nikitenkoaa\Desktop\Тестовые проекты\HoleElevation\HoleElevation\HoleElevation\HoleElevation.csproj]
D | CompileToTemp        | C:\Program Files\Microsoft Visual Studio\2022\Community\MSBuild\Current\Bin\Microsoft.Common.CurrentVersion.targets(2304,5): warning MSB3246:  [C:\Users\nikitenkoaa\Desktop\Тестовые проекты\HoleElevation\HoleElevation\HoleElevation\HoleElevation.csproj]
D | CompileToTemp        | C:\Program Files\Microsoft Visual Studio\2022\Community\MSBuild\Current\Bin\Microsoft.Common.CurrentVersion.targets(2304,5): warning MSB3246:    в System.Reflection.AssemblyName.nGetFileInformation(String s) [C:\Users\nikitenkoaa\Desktop\Тестовые проекты\HoleElevation\HoleElevation\HoleElevation\HoleElevation.csproj]
D | CompileToTemp        | C:\Program Files\Microsoft Visual Studio\2022\Community\MSBuild\Current\Bin\Microsoft.Common.CurrentVersion.targets(2304,5): warning MSB3246:    в System.Reflection.AssemblyName.GetAssemblyName(String assemblyFile) [C:\Users\nikitenkoaa\Desktop\Тестовые проекты\HoleElevation\HoleElevation\HoleElevation\HoleElevation.csproj]
D | CompileToTemp        | C:\Program Files\Microsoft Visual Studio\2022\Community\MSBuild\Current\Bin\Microsoft.Common.CurrentVersion.targets(2304,5): warning MSB3246:    в Microsoft.Build.Shared.AssemblyNameExtension.GetAssemblyNameEx(String path) [C:\Users\nikitenkoaa\Desktop\Тестовые проекты\HoleElevation\HoleElevation\HoleElevation\HoleElevation.csproj]
D | CompileToTemp        | C:\Program Files\Microsoft Visual Studio\2022\Community\MSBuild\Current\Bin\Microsoft.Common.CurrentVersion.targets(2304,5): warning MSB3246:    в Microsoft.Build.Tasks.SystemState.GetAssemblyName(String path) [C:\Users\nikitenkoaa\Desktop\Тестовые проекты\HoleElevation\HoleElevation\HoleElevation\HoleElevation.csproj]
D | CompileToTemp        | C:\Program Files\Microsoft Visual Studio\2022\Community\MSBuild\Current\Bin\Microsoft.Common.CurrentVersion.targets(2304,5): warning MSB3246:    в Microsoft.Build.Tasks.ReferenceTable.SetPrimaryAssemblyReferenceItem(ITaskItem referenceAssemblyName) [C:\Users\nikitenkoaa\Desktop\Тестовые проекты\HoleElevation\HoleElevation\HoleElevation\HoleElevation.csproj]
D | CompileToTemp        | C:\Program Files\Microsoft Visual Studio\2022\Community\MSBuild\Current\Bin\Microsoft.Common.CurrentVersion.targets(2304,5): warning MSB3246:  [C:\Users\nikitenkoaa\Desktop\Тестовые проекты\HoleElevation\HoleElevation\HoleElevation\HoleElevation.csproj]
D | CompileToTemp        | C:\Program Files\Microsoft Visual Studio\2022\Community\MSBuild\Current\Bin\Microsoft.Common.CurrentVersion.targets(2304,5): warning MSB3246:  [C:\Users\nikitenkoaa\Desktop\Тестовые проекты\HoleElevation\HoleElevation\HoleElevation\HoleElevation.csproj]
D | CompileToTemp        | 
D | CompileToTemp        | 
D | CompileToTemp        | "C:\Users\nikitenkoaa\Desktop\Тестовые проекты\HoleElevation\HoleElevation\HoleElevation\HoleElevation.csproj" (целевой объект по умолчанию) (1) ->
D | CompileToTemp        | (Целевой объект CoreCompile) -> 
D | CompileToTemp        |   CSC : warning SA0001: XML comment analysis is disabled due to project configuration [C:\Users\nikitenkoaa\Desktop\Тестовые проекты\HoleElevation\HoleElevation\HoleElevation\HoleElevation.csproj]
D | CompileToTemp        | 
D | CompileToTemp        |     Предупреждений: 5
D | CompileToTemp        |     Ошибок: 0
D | CompileToTemp        | 
D | CompileToTemp        | Прошло времени 00:00:01.30
V | CompileToTemp        | Telemetry.OnTargetSucceeded (0)
V | CompileToTemp        | EventInvoker.OnTargetSucceeded (-3.4028235E+38)
V | GenerateAdditionalFi | EventInvoker.OnTargetRunning (-3.4028235E+38)
E | GenerateAdditionalFi | Running target GenerateAdditionalFiles failed
System.ArgumentException: Project HoleElevation should contain 'PackageGuid' property with valid guid value!
   at Extensions.ProjectExtensions.GetSetupOptions(Project project, String installDir, String sourceDir, String configuration)
   at Builders.WixBuilder`1.GetBuildMsiOptions(Project project, String outputDir, String configuration, String version)
   at RevitBuild.GetAssemblyTypes(Project project, String outputBinDir, String outputDir, String configuration)
   at RevitBuild.<get_GenerateAdditionalFiles>b__70_3()
   at Nuke.Common.Execution.BuildExecutor.<>c.<Execute>b__4_2(Action x)
   at Nuke.Common.Utilities.Collections.EnumerableExtensions.ForEach[T](IEnumerable`1 enumerable, Action`1 action)
   at Nuke.Common.Execution.BuildExecutor.Execute(NukeBuild build, ExecutableTarget target, IReadOnlyCollection`1 previouslyExecutedTargets, Boolean failureMode)
V | GenerateAdditionalFi | EventInvoker.OnTargetFailed (-3.4028235E+38)
